Timeout (0:00:10)!
Thread 0x00009328 (most recent call first):
  File "C:\Python312\Lib\platform.py", line 327 in _wmi_query
  File "C:\Python312\Lib\platform.py", line 387 in _win32_ver
  File "C:\Python312\Lib\platform.py", line 449 in win32_ver
  File "C:\Python312\Lib\platform.py", line 921 in uname
  File "C:\Python312\Lib\platform.py", line 986 in system
  File "C:\Users\saniy\OneDrive\Desktop\Revenue_cycle\.venv\Lib\site-packages\streamlit\env_util.py", line 20 in <module>
  File "<frozen importlib._bootstrap>", line 488 in _call_with_frames_removed
  File "<frozen importlib._bootstrap_external>", line 995 in exec_module
  File "<frozen importlib._bootstrap>", line 935 in _load_unlocked
  File "<frozen importlib._bootstrap>", line 1331 in _find_and_load_unlocked
  File "<frozen importlib._bootstrap>", line 1360 in _find_and_load
  File "<frozen importlib._bootstrap>", line 488 in _call_with_frames_removed
  File "<frozen importlib._bootstrap>", line 1415 in _handle_fromlist
  File "C:\Users\saniy\OneDrive\Desktop\Revenue_cycle\.venv\Lib\site-packages\streamlit\util.py", line 29 in <module>
  File "<frozen importlib._bootstrap>", line 488 in _call_with_frames_removed
  File "<frozen importlib._bootstrap_external>", line 995 in exec_module
  File "<frozen importlib._bootstrap>", line 935 in _load_unlocked
  File "<frozen importlib._bootstrap>", line 1331 in _find_and_load_unlocked
  File "<frozen importlib._bootstrap>", line 1360 in _find_and_load
  File "<frozen importlib._bootstrap>", line 488 in _call_with_frames_removed
  File "<frozen importlib._bootstrap>", line 1415 in _handle_fromlist
  File "C:\Users\saniy\OneDrive\Desktop\Revenue_cycle\.venv\Lib\site-packages\streamlit\config_option.py", line 22 in <module>
  File "<frozen importlib._bootstrap>", line 488 in _call_with_frames_removed
  File "<frozen importlib._bootstrap_external>", line 995 in exec_module
  File "<frozen importlib._bootstrap>", line 935 in _load_unlocked
  File "<frozen importlib._bootstrap>", line 1331 in _find_and_load_unlocked
  File "<frozen importlib._bootstrap>", line 1360 in _find_and_load
  File "C:\Users\saniy\OneDrive\Desktop\Revenue_cycle\.venv\Lib\site-packages\streamlit\config_util.py", line 21 in <module>
  File "<frozen importlib._bootstrap>", line 488 in _call_with_frames_removed
  File "<frozen importlib._bootstrap_external>", line 995 in exec_module
  File "<frozen importlib._bootstrap>", line 935 in _load_unlocked
  File "<frozen importlib._bootstrap>", line 1331 in _find_and_load_unlocked
  File "<frozen importlib._bootstrap>", line 1360 in _find_and_load
  File "<frozen importlib._bootstrap>", line 488 in _call_with_frames_removed
  File "<frozen importlib._bootstrap>", line 1415 in _handle_fromlist
  File "C:\Users\saniy\OneDrive\Desktop\Revenue_cycle\.venv\Lib\site-packages\streamlit\config.py", line 27 in <module>
  File "<frozen importlib._bootstrap>", line 488 in _call_with_frames_removed
  File "<frozen importlib._bootstrap_external>", line 995 in exec_module
  File "<frozen importlib._bootstrap>", line 935 in _load_unlocked
  File "<frozen importlib._bootstrap>", line 1331 in _find_and_load_unlocked
  File "<frozen importlib._bootstrap>", line 1360 in _find_and_load
  File "<frozen importlib._bootstrap>", line 488 in _call_with_frames_removed
  File "<frozen importlib._bootstrap>", line 1415 in _handle_fromlist
  File "C:\Users\saniy\OneDrive\Desktop\Revenue_cycle\.venv\Lib\site-packages\streamlit\__init__.py", line 49 in <module>
  File "<frozen importlib._bootstrap>", line 488 in _call_with_frames_removed
  File "<frozen importlib._bootstrap_external>", line 995 in exec_module
  File "<frozen importlib._bootstrap>", line 935 in _load_unlocked
  File "<frozen importlib._bootstrap>", line 1331 in _find_and_load_unlocked
  File "<frozen importlib._bootstrap>", line 1360 in _find_and_load
  File "<string>", line 1 in <module>
